# restrict the entire top half of VRAM; that's occupied by main.gfx
# number after SET indicates page number

SURFSET0, 0, 0, 704, 256
SURFSET1, 0, 0, 80,  240
CLUTSET0, 0, 0, 320, 16

# copied right from Stage.cpp, some capitalization mistakes fixed
# numbers at the end of STAGE are for ease of reference, they can be omitted

#         tiles   map     bkType                        bkBmp    npcBmp   bossBmp bn name
STAGE000, 0,      0,      BACKGROUND_TYPE_BLACK,        bk0,     Guest,   0,       0, HgnEbO
STAGE001, Pens,   Pens1,  BACKGROUND_TYPE_MOVE_DISTANT, bkBlue,  Guest,   0,       0, cOM APTkPA
STAGE002, Eggs,   Eggs,   BACKGROUND_TYPE_MOVE_DISTANT, bkGreen, Eggs1,   Ravil,   0, XPAHgigpE vgm
STAGE003, EggX,   EggX,   BACKGROUND_TYPE_BLACK,        bk0,     Eggs1,   0,       0, vhmO N.00
STAGE004, EggIn,  Egg6,   BACKGROUND_TYPE_BLACK,        bk0,     Eggs1,   0,       0, vhmO N.06
STAGE005, Store,  EggR,   BACKGROUND_TYPE_BLACK,        bk0,     Eggs1,   0,       0, KOMHATA KOHTPOiv
STAGE006, Weed,   Weed,   BACKGROUND_TYPE_MOVE_DISTANT, bkBlue,  Weed,    0,       0, bPACCTAkH
STAGE007, Barr,   Santa,  BACKGROUND_TYPE_BLACK,        bk0,     Weed,    0,       0, cOM CAHTr
STAGE008, Barr,   Chako,  BACKGROUND_TYPE_MOVE_DISTANT, bkBlue,  Guest,   0,       0, cOM nAKO
STAGE009, Maze,   MazeI,  BACKGROUND_TYPE_BLACK,        bk0,     Maze,    0,       0, iAagPgHT I
STAGE010, Sand,   Sand,   BACKGROUND_TYPE_MOVE_DISTANT, bkGreen, Sand,    Omg,     1, PkgHr
STAGE011, Mimi,   Mimi,   BACKGROUND_TYPE_MOVE_DISTANT, bkBlue,  Guest,   0,       0, cEPEBHv MgMgbA
STAGE012, Cave,   Cave,   BACKGROUND_TYPE_BLACK,        bk0,     Cemet,   0,       0, jEPBAv jEpEPA
STAGE013, Cave,   Start,  BACKGROUND_TYPE_BLACK,        bk0,     Cemet,   0,       0, TOnKA OTCndTA
STAGE014, Mimi,   Barr,   BACKGROUND_TYPE_BLACK,        bk0,     Cemet,   Bllg,    0, XgegHA
STAGE015, Mimi,   Pool,   BACKGROUND_TYPE_MOVE_DISTANT, bkBlue,  Guest,   0,       0, OfEPO
STAGE016, Mimi,   Cemet,  BACKGROUND_TYPE_BLACK,        bk0,     Cemet,   0,       0, KiAcagpE
STAGE017, Mimi,   Plant,  BACKGROUND_TYPE_MOVE_DISTANT, bkGreen, Plant,   0,       0, lEPMA vMACgTA
STAGE018, Store,  Shelt,  BACKGROUND_TYPE_BLACK,        bk0,     Eggs1,   0,       0, jPgCTAHgpE
STAGE019, Pens,   Comu,   BACKGROUND_TYPE_MOVE_DISTANT, bkBlue,  Guest,   0,       0, fAi COaPAHgh
STAGE020, Mimi,   MiBox,  BACKGROUND_TYPE_BLACK,        bk0,     0,       0,       0, aEfOjACHOE MECTO
STAGE021, Store,  EgEnd1, BACKGROUND_TYPE_BLACK,        bk0,     0,       0,       0, aOKOBAv KOMHATA
STAGE022, Store,  Cthu,   BACKGROUND_TYPE_BLACK,        bk0,     0,       0,       0, OagTEis KTkiXk
STAGE023, EggIn,  Egg1,   BACKGROUND_TYPE_BLACK,        bk0,     Eggs1,   0,       0, vhmO N.01
STAGE024, Pens,   Pens2,  BACKGROUND_TYPE_MOVE_DISTANT, bkBlue,  Guest,   0,       0, cOM APTkPA
STAGE025, Barr,   Malco,  BACKGROUND_TYPE_MOVE_DISTANT, bkBlue,  Weed,    Bllg,    0, tHEPbOCTAHmgv
STAGE026, Barr,   WeedS,  BACKGROUND_TYPE_MOVE_DISTANT, bkBlue,  0,       0,       0, aEfOjACHOE MECTO
STAGE027, Store,  WeedD,  BACKGROUND_TYPE_MOVE_DISTANT, bkBlue,  0,       0,       0, KAMEPA jrTOK
STAGE028, Weed,   Frog,   BACKGROUND_TYPE_MOVE_NEAR,    bkGreen, Weed,    Frog,    2, CKiAc jiACTgcA
STAGE029, Sand,   Curly,  BACKGROUND_TYPE_BLACK,        bk0,     Sand,    Curly,   0, egigpE
STAGE030, Pens,   WeedB,  BACKGROUND_TYPE_MOVE_DISTANT, bkBlue,  Ravil,   0,       0, BgCvpgh cOM
STAGE031, River,  Stream, BACKGROUND_TYPE_AUTOSCROLL,   bkBlue,  Stream,  IronH,   5, TEnEHgE
STAGE032, Pens,   CurlyS, BACKGROUND_TYPE_BLACK,        bk0,     Sand,    Curly,   0, MAiEHsKAv KOMHATA
STAGE033, Barr,   Jenka1, BACKGROUND_TYPE_BLACK,        bk0,     Sand,    Bllg,    0, cOM ceEHKg
STAGE034, Sand,   Dark,   BACKGROUND_TYPE_MOVE_DISTANT, bkBlack, Sand,    0,       0, fAaPOoEHHOE egigpE
STAGE035, Gard,   Gard,   BACKGROUND_TYPE_MOVE_DISTANT, bkGard,  Toro,    Bllg,    0, CKiAc CEMvH
STAGE036, Barr,   Jenka2, BACKGROUND_TYPE_BLACK,        bk0,     Sand,    Bllg,    0, cOM ceEHKg
STAGE037, Sand,   SandE,  BACKGROUND_TYPE_MOVE_DISTANT, bkGreen, Sand,    Bllg,    0, PkgHr
STAGE038, Maze,   MazeH,  BACKGROUND_TYPE_BLACK,        bk0,     Maze,    0,       0, iAagPgHT H
STAGE039, Maze,   MazeW,  BACKGROUND_TYPE_MOVE_DISTANT, bkMaze,  Maze,    X,       3, iAagPgHT W
STAGE040, Maze,   MazeO,  BACKGROUND_TYPE_BLACK,        bk0,     Guest,   0,       0, jAiATA
STAGE041, Maze,   MazeD,  BACKGROUND_TYPE_BLACK,        bk0,     Guest,   Dark,    0, CTAPAv KigHgKA
STAGE042, Store,  MazeA,  BACKGROUND_TYPE_BLACK,        bk0,     Maze,    0,       0, MAbAfgH iAagPgHTA
STAGE043, Maze,   MazeB,  BACKGROUND_TYPE_MOVE_DISTANT, bkBlue,  Maze,    0,       0, iAagPgHT B
STAGE044, Maze,   MazeS,  BACKGROUND_TYPE_MOVE_NEAR,    bkGray,  Maze,    Bllg,    0, KOMHATA KAMHv
STAGE045, Maze,   MazeM,  BACKGROUND_TYPE_MOVE_DISTANT, bkRed,   Maze,    0,       0, iAagPgHT M
STAGE046, Cave,   Drain,  BACKGROUND_TYPE_WATER,        bkWater, Cemet,   0,       0, TdMHrh XOc
STAGE047, Almond, Almond, BACKGROUND_TYPE_WATER,        bkWater, Cemet,   Almo1,   4, vcPO
STAGE048, River,  River,  BACKGROUND_TYPE_MOVE_NEAR,    bkGreen, Weed,    0,       0, jEpEPHrE PEKg
STAGE049, Eggs,   Eggs2,  BACKGROUND_TYPE_MOVE_DISTANT, bkGreen, Eggs2,   0,       0, XPAHgigpE vgm?
STAGE050, Store,  Cthu2,  BACKGROUND_TYPE_BLACK,        bk0,     Eggs1,   0,       0, OagTEis KTkiXk?
STAGE051, Store,  EggR2,  BACKGROUND_TYPE_BLACK,        bk0,     Eggs1,   TwinD,   6, KOMHATA KOHTPOiv?
STAGE052, EggX,   EggX2,  BACKGROUND_TYPE_BLACK,        bk0,     Eggs1,   0,       0, vhmO N.00
STAGE053, Oside,  Oside,  BACKGROUND_TYPE_CLOUDS_WINDY, bkMoon,  Moon,    0,       0, BHEoHvv CTEHA
STAGE054, Store,  EgEnd2, BACKGROUND_TYPE_BLACK,        bk0,     Eggs1,   0,       0, aOKOBAv KOMHATA
STAGE055, Store,  Itoh,   BACKGROUND_TYPE_MOVE_NEAR,    bkBlue,  Guest,   0,       0, XPAHgigpE
STAGE056, Cent,   Cent,   BACKGROUND_TYPE_MOVE_DISTANT, bkGreen, Guest,   Cent,    0, jiAHTAmgv
STAGE057, Jail,   Jail1,  BACKGROUND_TYPE_BLACK,        bk0,     Guest,   Cent,    0, TuPsMA N.1
STAGE058, Jail,   Momo,   BACKGROUND_TYPE_BLACK,        bk0,     Guest,   0,       0, kKPrTgE
STAGE059, Jail,   lounge, BACKGROUND_TYPE_BLACK,        bk0,     Guest,   0,       0, KOMHATA OTcrXA
STAGE060, Store,  CentW,  BACKGROUND_TYPE_BLACK,        bk0,     Guest,   Cent,    0, TEiEjOPT
STAGE061, Store,  Jail2,  BACKGROUND_TYPE_BLACK,        bk0,     Guest,   Cent,    0, TuPsMA N.2
STAGE062, White,  Blcny1, BACKGROUND_TYPE_CLOUDS,       bkFog,   Ravil,   Heri,    0, aAiKOH
STAGE063, Jail,   Priso1, BACKGROUND_TYPE_BLACK,        bkGray,  Red,     0,       0, jEpEPA TAhH
STAGE064, White,  Ring1,  BACKGROUND_TYPE_CLOUDS,       bkFog,   Guest,   Miza,    0, TPOHHrh fAi
STAGE065, White,  Ring2,  BACKGROUND_TYPE_CLOUDS,       bkFog,   Guest,   Dr,      0, KOPOiEBCKgE jOKOg
STAGE066, Pens,   Prefa1, BACKGROUND_TYPE_BLACK,        bk0,     0,       0,       0, CAMOcEisHrh cOMgK
STAGE067, Jail,   Priso2, BACKGROUND_TYPE_BLACK,        bkGray,  Red,     0,       0, jEpEPA TAhH (CEKPETHAv)
STAGE068, White,  Ring3,  BACKGROUND_TYPE_BLACK,        bk0,     Miza,    Almo2,   7, TdMHrh fAi
STAGE069, Pens,   Little, BACKGROUND_TYPE_MOVE_NEAR,    bkBlue,  Guest,   0,       0, cOM igigjkTOB
STAGE070, White,  Blcny2, BACKGROUND_TYPE_CLOUDS,       bkFog,   Ravil,   Heri,    0, aAiKOH
STAGE071, Fall,   Fall,   BACKGROUND_TYPE_MOVE_DISTANT, bkFall,  Guest,   Heri,    0, jAcEHgE
STAGE072, White,  Kings,  BACKGROUND_TYPE_BLACK,        bk0,     Kings,   0,       0, CTkcgv PIXEL jPEcCTABivET
STAGE073, Pens,   Pixel,  BACKGROUND_TYPE_MOVE_DISTANT, bkBlue,  Guest,   0,       0, jOcCOaKA
STAGE074, Maze,   e_Maze, BACKGROUND_TYPE_MOVE_DISTANT, bkMaze,  Guest,   Maze,    3, 
STAGE075, Barr,   e_Jenk, BACKGROUND_TYPE_BLACK,        bk0,     Sand,    Bllg,    0, 
STAGE076, Barr,   e_Malc, BACKGROUND_TYPE_MOVE_DISTANT, bkBlue,  Weed,    Bllg,    0, 
STAGE077, Mimi,   e_Ceme, BACKGROUND_TYPE_BLACK,        bk0,     Plant,   0,       0, 
STAGE078, Fall,   e_Sky,  BACKGROUND_TYPE_MOVE_DISTANT, bkFall,  Guest,   Heri,    0, 
STAGE079, Pens,   Prefa2, BACKGROUND_TYPE_BLACK,        bk0,     0,       0,       0, CAMOcEisHrh cOMgK
STAGE080, Hell,   Hell1,  BACKGROUND_TYPE_MOVE_NEAR,    bkRed,   Hell,    0,       0, fAjPETHAv jEpEPA, kP. 1
STAGE081, Hell,   Hell2,  BACKGROUND_TYPE_MOVE_NEAR,    bkRed,   Hell,    0,       0, fAjPETHAv jEpEPA, kP. 2
STAGE082, Hell,   Hell3,  BACKGROUND_TYPE_MOVE_DISTANT, bkRed,   Hell,    Press,   8, fAjPETHAv jEpEPA, kP. 3
STAGE083, Cave,   Mapi,   BACKGROUND_TYPE_MOVE_NEAR,    bk0,     Cemet,   0,       0, egigpE bPgaA
STAGE084, Hell,   Hell4,  BACKGROUND_TYPE_BLACK,        bk0,     Hell,    0,       0, jPOXOc?
STAGE085, Hell,   Hell42, BACKGROUND_TYPE_BLACK,        bk0,     Hell,    Press,   8, jPOXOc?
STAGE086, Hell,   Statue, BACKGROUND_TYPE_MOVE_DISTANT, bkBlue,  0,       Cent,    0, fAi CTATkh
STAGE087, Hell,   Ballo1, BACKGROUND_TYPE_MOVE_NEAR,    bkBlue,  Priest,  Ballos,  9, fAjEnATAHHAv KOMHATA
STAGE088, White,  Ostep,  BACKGROUND_TYPE_CLOUDS,       bkFog,   0,       0,       0, KOPgcOP
STAGE089, Labo,   e_Labo, BACKGROUND_TYPE_BLACK,        bk0,     Guest,   0,       0, 
STAGE090, Cave,   Pole,   BACKGROUND_TYPE_BLACK,        bk0,     Guest,   0,       0, MACTEPCKAv OToEisHgKA
STAGE091, 0,      Island, BACKGROUND_TYPE_BLACK,        bk0,     Island,  Island,  0, 
STAGE092, Hell,   Ballo2, BACKGROUND_TYPE_MOVE_NEAR,    bkBlue,  Priest,  Bllg,    9, fAjEnATAHHAv KOMHATA
STAGE093, White,  e_Blcn, BACKGROUND_TYPE_CLOUDS,       bkFog,   Miza,    0,       9, 
STAGE094, Oside,  Clock,  BACKGROUND_TYPE_CLOUDS_WINDY, bkMoon,  Moon,    0,       0, KOMHATA nACOB

# explicitly specifies which stages to link together into a single bank
# numbers after BANK also don't matter; the resulting stage bank file will have the ID of the root stage
# stages that aren't the root of any banks will be in their own separate banks (same effect as 'BANK Root, 0, 0, ...')

#         root    link0   link1   link2   link3   link4   link5   link6   link7   comment (always keep the trailing comma)
 
BANK0000, Pens1,  0,      0,      0,      0,      0,      0,      0,      0,      disallow linking arthur's house 1 and 2
BANK0001, Pens2,  0,      0,      0,      0,      0,      0,      0,      0,      disallow linking arthur's house 2 and 1

# explicitly specifies which music tracks to link into a stage bank; this overrides autodetect completely
# numbers after MUSIC also don't matter; music is put into the root bank

#         root    mus0    mus1    mus2    mus3    mus4    mus5    mus6    mus7    comment (always keep the trailing comma)

MUSIC000, 0,      33,     1,      0,      0,      0,      0,      0,      0,      credits
MUSIC072, Kings,  24,     0,      0,      0,      0,      0,      0,      0,      title screen
MUSIC074, e_Maze, 0,      0,      0,      0,      0,      0,      0,      0,      don't pack any music into the ending stages
MUSIC075, e_Jenk, 0,      0,      0,      0,      0,      0,      0,      0,      don't pack any music into the ending stages
MUSIC076, e_Malc, 0,      0,      0,      0,      0,      0,      0,      0,      don't pack any music into the ending stages
MUSIC077, e_Ceme, 0,      0,      0,      0,      0,      0,      0,      0,      don't pack any music into the ending stages
MUSIC078, e_Sky,  0,      0,      0,      0,      0,      0,      0,      0,      don't pack any music into the ending stages
MUSIC089, e_Labo, 0,      0,      0,      0,      0,      0,      0,      0,      don't pack any music into the ending stages
MUSIC093, e_Blcn, 0,      0,      0,      0,      0,      0,      0,      0,      don't pack any music into the ending stages
